<?xml version="1.0" encoding="UTF-8"?>
<testsuite xmlns:xsi="http://www.w3.org/2001/XMLSchema-instance" xsi:noNamespaceSchemaLocation="https://maven.apache.org/surefire/maven-surefire-plugin/xsd/surefire-test-report-3.0.xsd" version="3.0" name="BurgerTest" time="3.468" tests="7" errors="0" skipped="0" failures="0">
  <properties>
[...]
</properties>
  <testcase name="getPriceTest" classname="BurgerTest" time="0.463"/>
  <testcase name="addIngredientTest" classname="BurgerTest" time="0.005"/>
  <testcase name="priceMultiIngredientsTest" classname="BurgerTest" time="0.014"/>
  <testcase name="moveIngredientTest" classname="BurgerTest" time="0.002"/>
  <testcase name="removeIngredientTest" classname="BurgerTest" time="0.003"/>
  <testcase name="getReceiptTest" classname="BurgerTest" time="0.02"/>
  <testcase name="setBuns" classname="BurgerTest" time="0.004"/>
</testsuite>