<?xml version="1.0" encoding="UTF-8"?>
<testsuite xmlns:xsi="http://www.w3.org/2001/XMLSchema-instance" xsi:noNamespaceSchemaLocation="https://maven.apache.org/surefire/maven-surefire-plugin/xsd/surefire-test-report-3.0.xsd" version="3.0" name="BunTest" time="0.229" tests="45" errors="0" skipped="0" failures="0">
  <properties>
[...]
</properties>
  <testcase name="veryLongNameTest[РўРµСЃС‚ РґР°РЅРЅС‹Рµ: РљСЂР°С‚РѕСЂРЅР°СЏ Р±СѓР»РєР° N-200i, 1 255]" classname="BunTest" time="0.018"/>
  <testcase name="getNameParamTest[РўРµСЃС‚ РґР°РЅРЅС‹Рµ: РљСЂР°С‚РѕСЂРЅР°СЏ Р±СѓР»РєР° N-200i, 1 255]" classname="BunTest" time="0.0"/>
  <testcase name="getPriceParamTest[РўРµСЃС‚ РґР°РЅРЅС‹Рµ: РљСЂР°С‚РѕСЂРЅР°СЏ Р±СѓР»РєР° N-200i, 1 255]" classname="BunTest" time="0.0"/>
  <testcase name="veryLongNameTest[РўРµСЃС‚ РґР°РЅРЅС‹Рµ: Р¤Р»СЋРѕСЂРµСЃС†РµРЅС‚РЅР°СЏ Р±СѓР»РєР° R2-D3, 988]" classname="BunTest" time="0.0"/>
  <testcase name="getNameParamTest[РўРµСЃС‚ РґР°РЅРЅС‹Рµ: Р¤Р»СЋРѕСЂРµСЃС†РµРЅС‚РЅР°СЏ Р±СѓР»РєР° R2-D3, 988]" classname="BunTest" time="0.0"/>
  <testcase name="getPriceParamTest[РўРµСЃС‚ РґР°РЅРЅС‹Рµ: Р¤Р»СЋРѕСЂРµСЃС†РµРЅС‚РЅР°СЏ Р±СѓР»РєР° R2-D3, 988]" classname="BunTest" time="0.0"/>
  <testcase name="veryLongNameTest[РўРµСЃС‚ РґР°РЅРЅС‹Рµ: РљСЂР°С‚РѕСЂРЅР°СЏ Р±СѓР»РєР° N-200i, 340 282 346 638 528 860 000 000 000 000 000 000 000]" classname="BunTest" time="0.0"/>
  <testcase name="getNameParamTest[РўРµСЃС‚ РґР°РЅРЅС‹Рµ: РљСЂР°С‚РѕСЂРЅР°СЏ Р±СѓР»РєР° N-200i, 340 282 346 638 528 860 000 000 000 000 000 000 000]" classname="BunTest" time="0.0"/>
  <testcase name="getPriceParamTest[РўРµСЃС‚ РґР°РЅРЅС‹Рµ: РљСЂР°С‚РѕСЂРЅР°СЏ Р±СѓР»РєР° N-200i, 340 282 346 638 528 860 000 000 000 000 000 000 000]" classname="BunTest" time="0.0"/>
  <testcase name="veryLongNameTest[РўРµСЃС‚ РґР°РЅРЅС‹Рµ: РљСЂР°С‚РѕСЂРЅР°СЏ Р±СѓР»РєР° N-200i, 0]" classname="BunTest" time="0.0"/>
  <testcase name="veryLongNameTest[РўРµСЃС‚ РґР°РЅРЅС‹Рµ: РљСЂР°С‚РѕСЂРЅР°СЏ Р±СѓР»РєР° N-200i, 0]" classname="BunTest" time="0.0"/>
  <testcase name="getNameParamTest[РўРµСЃС‚ РґР°РЅРЅС‹Рµ: РљСЂР°С‚РѕСЂРЅР°СЏ Р±СѓР»РєР° N-200i, 0]" classname="BunTest" time="0.0"/>
  <testcase name="getNameParamTest[РўРµСЃС‚ РґР°РЅРЅС‹Рµ: РљСЂР°С‚РѕСЂРЅР°СЏ Р±СѓР»РєР° N-200i, 0]" classname="BunTest" time="0.0"/>
  <testcase name="getPriceParamTest[РўРµСЃС‚ РґР°РЅРЅС‹Рµ: РљСЂР°С‚РѕСЂРЅР°СЏ Р±СѓР»РєР° N-200i, 0]" classname="BunTest" time="0.0"/>
  <testcase name="getPriceParamTest[РўРµСЃС‚ РґР°РЅРЅС‹Рµ: РљСЂР°С‚РѕСЂРЅР°СЏ Р±СѓР»РєР° N-200i, 0]" classname="BunTest" time="0.0"/>
  <testcase name="veryLongNameTest[РўРµСЃС‚ РґР°РЅРЅС‹Рµ: Р¤Р»СЋРѕСЂРµСЃС†РµРЅС‚РЅР°СЏ Р±СѓР»РєР° R2-D3, 340 282 346 638 528 860 000 000 000 000 000 000 000]" classname="BunTest" time="0.0"/>
  <testcase name="getNameParamTest[РўРµСЃС‚ РґР°РЅРЅС‹Рµ: Р¤Р»СЋРѕСЂРµСЃС†РµРЅС‚РЅР°СЏ Р±СѓР»РєР° R2-D3, 340 282 346 638 528 860 000 000 000 000 000 000 000]" classname="BunTest" time="0.0"/>
  <testcase name="getPriceParamTest[РўРµСЃС‚ РґР°РЅРЅС‹Рµ: Р¤Р»СЋРѕСЂРµСЃС†РµРЅС‚РЅР°СЏ Р±СѓР»РєР° R2-D3, 340 282 346 638 528 860 000 000 000 000 000 000 000]" classname="BunTest" time="0.0"/>
  <testcase name="veryLongNameTest[РўРµСЃС‚ РґР°РЅРЅС‹Рµ:   , 988]" classname="BunTest" time="0.001"/>
  <testcase name="getNameParamTest[РўРµСЃС‚ РґР°РЅРЅС‹Рµ:   , 988]" classname="BunTest" time="0.0"/>
  <testcase name="getPriceParamTest[РўРµСЃС‚ РґР°РЅРЅС‹Рµ:   , 988]" classname="BunTest" time="0.0"/>
  <testcase name="veryLongNameTest[РўРµСЃС‚ РґР°РЅРЅС‹Рµ: Р¤Р»СЋРѕСЂРµСЃС†РµРЅС‚РЅР°СЏ Р±СѓР»РєР° R2-D3, -100]" classname="BunTest" time="0.0"/>
  <testcase name="getNameParamTest[РўРµСЃС‚ РґР°РЅРЅС‹Рµ: Р¤Р»СЋРѕСЂРµСЃС†РµРЅС‚РЅР°СЏ Р±СѓР»РєР° R2-D3, -100]" classname="BunTest" time="0.0"/>
  <testcase name="getPriceParamTest[РўРµСЃС‚ РґР°РЅРЅС‹Рµ: Р¤Р»СЋРѕСЂРµСЃС†РµРЅС‚РЅР°СЏ Р±СѓР»РєР° R2-D3, -100]" classname="BunTest" time="0.0"/>
  <testcase name="veryLongNameTest[РўРµСЃС‚ РґР°РЅРЅС‹Рµ: Р¤Р»СЋРѕСЂРµСЃС†РµРЅС‚РЅР°СЏ Р±СѓР»РєР° R2-D3, 0]" classname="BunTest" time="0.0"/>
  <testcase name="getNameParamTest[РўРµСЃС‚ РґР°РЅРЅС‹Рµ: Р¤Р»СЋРѕСЂРµСЃС†РµРЅС‚РЅР°СЏ Р±СѓР»РєР° R2-D3, 0]" classname="BunTest" time="0.0"/>
  <testcase name="getPriceParamTest[РўРµСЃС‚ РґР°РЅРЅС‹Рµ: Р¤Р»СЋРѕСЂРµСЃС†РµРЅС‚РЅР°СЏ Р±СѓР»РєР° R2-D3, 0]" classname="BunTest" time="0.0"/>
  <testcase name="veryLongNameTest[РўРµСЃС‚ РґР°РЅРЅС‹Рµ: Р¤Р»СЋРѕСЂРµСЃС†РµРЅС‚РЅР°СЏ Р±СѓР»РєР° R2-D3, не число]" classname="BunTest" time="0.002"/>
  <testcase name="getNameParamTest[РўРµСЃС‚ РґР°РЅРЅС‹Рµ: Р¤Р»СЋРѕСЂРµСЃС†РµРЅС‚РЅР°СЏ Р±СѓР»РєР° R2-D3, не число]" classname="BunTest" time="0.0"/>
  <testcase name="getPriceParamTest[РўРµСЃС‚ РґР°РЅРЅС‹Рµ: Р¤Р»СЋРѕСЂРµСЃС†РµРЅС‚РЅР°СЏ Р±СѓР»РєР° R2-D3, не число]" classname="BunTest" time="0.0"/>
  <testcase name="veryLongNameTest[РўРµСЃС‚ РґР°РЅРЅС‹Рµ: РљСЂР°С‚РѕСЂРЅР°СЏ Р±СѓР»РєР° N-200iРѕС‡РµРЅСЊ РґР»РёРЅРЅРѕРµ РЅР°Р·РІР°РЅРёРµ Р±СѓР»РєРё РѕС‡РµРЅСЊ РґР»РёРЅРЅРѕРµ РЅР°Р·РІР°РЅРёРµ Р±СѓР»РєРё РѕС‡РµРЅСЊ РґР»РёРЅРЅРѕРµ РЅР°Р·РІР°РЅРёРµ Р±СѓР»РєРё РѕС‡РµРЅСЊ РґР»РёРЅРЅРѕРµ РЅР°Р·РІР°РЅРёРµ Р±СѓР»РєРё РѕС‡РµРЅСЊ РґР»РёРЅРЅРѕРµ РЅР°Р·РІР°РЅРёРµ Р±СѓР»РєРё РѕС‡РµРЅСЊ РґР»РёРЅРЅРѕРµ РЅР°Р·РІР°РЅРёРµ Р±СѓР»РєРё РѕС‡РµРЅСЊ РґР»РёРЅРЅРѕРµ РЅР°Р·РІР°РЅРёРµ Р±СѓР»РєРё РѕС‡РµРЅСЊ РґР»РёРЅРЅРѕРµ РЅР°Р·РІР°РЅРёРµ Р±СѓР»РєРё РѕС‡РµРЅСЊ РґР»РёРЅРЅРѕРµ РЅР°Р·РІР°РЅРёРµ Р±СѓР»РєРё РѕС‡РµРЅСЊ РґР»РёРЅРЅРѕРµ РЅР°Р·РІР°РЅРёРµ Р±СѓР»РєРё РѕС‡РµРЅСЊ РґР»РёРЅРЅРѕРµ РЅР°Р·РІР°РЅРёРµ Р±СѓР»РєРё РѕС‡РµРЅСЊ РґР»РёРЅРЅРѕРµ РЅР°Р·РІР°РЅРёРµ Р±СѓР»РєРё РѕС‡РµРЅСЊ РґР»РёРЅРЅРѕРµ РЅР°Р·РІР°РЅРёРµ Р±СѓР»РєРё РѕС‡РµРЅСЊ РґР»РёРЅРЅРѕРµ РЅР°Р·РІР°РЅРёРµ Р±СѓР»РєРё РѕС‡РµРЅСЊ РґР»РёРЅРЅРѕРµ РЅР°Р·РІР°РЅРёРµ Р±СѓР»РєРё РѕС‡РµРЅСЊ РґР»РёРЅРЅРѕРµ РЅР°Р·РІР°РЅРёРµ Р±СѓР»РєРё РѕС‡РµРЅСЊ РґР»РёРЅРЅРѕРµ РЅР°Р·РІР°РЅРёРµ Р±СѓР»РєРё РѕС‡РµРЅСЊ РґР»РёРЅРЅРѕРµ РЅР°Р·РІР°РЅРёРµ Р±СѓР»РєРё РѕС‡РµРЅСЊ РґР»РёРЅРЅРѕРµ РЅР°Р·РІР°РЅРёРµ Р±СѓР»РєРё РѕС‡РµРЅСЊ РґР»РёРЅРЅРѕРµ РЅР°Р·РІР°РЅРёРµ Р±СѓР»РєРё РѕС‡РµРЅСЊ РґР»РёРЅРЅРѕРµ РЅР°Р·РІР°РЅРёРµ Р±СѓР»РєРё РѕС‡РµРЅСЊ РґР»РёРЅРЅРѕРµ РЅР°Р·РІР°РЅРёРµ Р±СѓР»РєРё РѕС‡РµРЅСЊ РґР»РёРЅРЅРѕРµ РЅР°Р·РІР°РЅРёРµ Р±СѓР»РєРё РѕС‡РµРЅСЊ РґР»РёРЅРЅРѕРµ РЅР°Р·РІР°РЅРёРµ Р±СѓР»РєРё РѕС‡РµРЅСЊ РґР»РёРЅРЅРѕРµ РЅР°Р·РІР°РЅРёРµ Р±СѓР»РєРё РѕС‡РµРЅСЊ РґР»РёРЅРЅРѕРµ РЅР°Р·РІР°РЅРёРµ Р±СѓР»РєРё РѕС‡РµРЅСЊ РґР»РёРЅРЅРѕРµ РЅР°Р·РІР°РЅРёРµ Р±СѓР»РєРё РѕС‡РµРЅСЊ РґР»РёРЅРЅРѕРµ РЅР°Р·РІР°РЅРёРµ Р±СѓР»РєРё РѕС‡РµРЅСЊ РґР»РёРЅРЅРѕРµ РЅР°Р·РІР°РЅРёРµ Р±СѓР»РєРё РѕС‡РµРЅСЊ РґР»РёРЅРЅРѕРµ РЅР°Р·РІР°РЅРёРµ Р±СѓР»РєРё РѕС‡РµРЅСЊ РґР»РёРЅРЅРѕРµ РЅР°Р·РІР°РЅРёРµ Р±СѓР»РєРё РѕС‡РµРЅСЊ РґР»РёРЅРЅРѕРµ РЅР°Р·РІР°РЅРёРµ Р±СѓР»РєРё РѕС‡РµРЅСЊ РґР»РёРЅРЅРѕРµ РЅР°Р·РІР°РЅРёРµ Р±СѓР»РєРё РѕС‡РµРЅСЊ РґР»РёРЅРЅРѕРµ РЅР°Р·РІР°РЅРёРµ Р±СѓР»РєРё РѕС‡РµРЅСЊ РґР»РёРЅРЅРѕРµ РЅР°Р·РІР°РЅРёРµ Р±СѓР»РєРё РѕС‡РµРЅСЊ РґР»РёРЅРЅРѕРµ РЅР°Р·РІР°РЅРёРµ Р±СѓР»РєРё РѕС‡РµРЅСЊ РґР»РёРЅРЅРѕРµ РЅР°Р·РІР°РЅРёРµ Р±СѓР»РєРё РѕС‡РµРЅСЊ РґР»РёРЅРЅРѕРµ РЅР°Р·РІР°РЅРёРµ Р±СѓР»РєРё РѕС‡РµРЅСЊ РґР»РёРЅРЅРѕРµ РЅР°Р·РІР°РЅРёРµ Р±СѓР»РєРё РѕС‡РµРЅСЊ РґР»РёРЅРЅРѕРµ РЅР°Р·РІР°РЅРёРµ Р±СѓР»РєРё РѕС‡РµРЅСЊ РґР»РёРЅРЅРѕРµ РЅР°Р·РІР°РЅРёРµ Р±СѓР»РєРё РѕС‡РµРЅСЊ РґР»РёРЅРЅРѕРµ РЅР°Р·РІР°РЅРёРµ Р±СѓР»РєРё РѕС‡РµРЅСЊ РґР»РёРЅРЅРѕРµ РЅР°Р·РІР°РЅРёРµ Р±СѓР»РєРё РѕС‡РµРЅСЊ РґР»РёРЅРЅРѕРµ РЅР°Р·РІР°РЅРёРµ Р±СѓР»РєРё РѕС‡РµРЅСЊ РґР»РёРЅРЅРѕРµ РЅР°Р·РІР°РЅРёРµ Р±СѓР»РєРё РѕС‡РµРЅСЊ РґР»РёРЅРЅРѕРµ РЅР°Р·РІР°РЅРёРµ Р±СѓР»РєРё РѕС‡РµРЅСЊ РґР»РёРЅРЅРѕРµ РЅР°Р·РІР°РЅРёРµ Р±СѓР»РєРё РѕС‡РµРЅСЊ РґР»РёРЅРЅРѕРµ РЅР°Р·РІР°РЅРёРµ Р±СѓР»РєРё РѕС‡РµРЅСЊ РґР»РёРЅРЅРѕРµ РЅР°Р·РІР°РЅРёРµ Р±СѓР»РєРё РѕС‡РµРЅСЊ РґР»РёРЅРЅРѕРµ РЅР°Р·РІР°РЅРёРµ Р±СѓР»РєРё РѕС‡РµРЅСЊ РґР»РёРЅРЅРѕРµ РЅР°Р·РІР°РЅРёРµ Р±СѓР»РєРё РѕС‡РµРЅСЊ РґР»РёРЅРЅРѕРµ РЅР°Р·РІР°РЅРёРµ Р±СѓР»РєРё РѕС‡РµРЅСЊ РґР»РёРЅРЅРѕРµ РЅР°Р·РІР°РЅРёРµ Р±СѓР»РєРё РѕС‡РµРЅСЊ РґР»РёРЅРЅРѕРµ РЅР°Р·РІР°РЅРёРµ Р±СѓР»РєРё РѕС‡РµРЅСЊ РґР»РёРЅРЅРѕРµ РЅР°Р·РІР°РЅРёРµ Р±СѓР»РєРё РѕС‡РµРЅСЊ РґР»РёРЅРЅРѕРµ РЅР°Р·РІР°РЅРёРµ Р±СѓР»РєРё РѕС‡РµРЅСЊ РґР»РёРЅРЅРѕРµ РЅР°Р·РІР°РЅРёРµ Р±СѓР»РєРё РѕС‡РµРЅСЊ РґР»РёРЅРЅРѕРµ РЅР°Р·РІР°РЅРёРµ Р±СѓР»РєРё РѕС‡РµРЅСЊ РґР»РёРЅРЅРѕРµ РЅР°Р·РІР°РЅРёРµ Р±СѓР»РєРё РѕС‡РµРЅСЊ РґР»РёРЅРЅРѕРµ РЅР°Р·РІР°РЅРёРµ Р±СѓР»РєРё РѕС‡РµРЅСЊ РґР»РёРЅРЅРѕРµ РЅР°Р·РІР°РЅРёРµ Р±СѓР»РєРё РѕС‡РµРЅСЊ РґР»РёРЅРЅРѕРµ РЅР°Р·РІР°РЅРёРµ Р±СѓР»РєРё РѕС‡РµРЅСЊ РґР»РёРЅРЅРѕРµ РЅР°Р·РІР°РЅРёРµ Р±СѓР»РєРё РѕС‡РµРЅСЊ РґР»РёРЅРЅРѕРµ РЅР°Р·РІР°РЅРёРµ Р±СѓР»РєРё РѕС‡РµРЅСЊ РґР»РёРЅРЅРѕРµ РЅР°Р·РІР°РЅРёРµ Р±СѓР»РєРё РѕС‡РµРЅСЊ РґР»РёРЅРЅРѕРµ РЅР°Р·РІР°РЅРёРµ Р±СѓР»РєРё РѕС‡РµРЅСЊ РґР»РёРЅРЅРѕРµ РЅР°Р·РІР°РЅРёРµ Р±СѓР»РєРё РѕС‡РµРЅСЊ РґР»РёРЅРЅРѕРµ РЅР°Р·РІР°РЅРёРµ Р±СѓР»РєРё РѕС‡РµРЅСЊ РґР»РёРЅРЅРѕРµ РЅР°Р·РІР°РЅРёРµ Р±СѓР»РєРё РѕС‡РµРЅСЊ РґР»РёРЅРЅРѕРµ РЅР°Р·РІР°РЅРёРµ Р±СѓР»РєРё РѕС‡РµРЅСЊ РґР»РёРЅРЅРѕРµ РЅР°Р·РІР°РЅРёРµ Р±СѓР»РєРё РѕС‡РµРЅСЊ РґР»РёРЅРЅРѕРµ РЅР°Р·РІР°РЅРёРµ Р±СѓР»РєРё РѕС‡РµРЅСЊ РґР»РёРЅРЅРѕРµ РЅР°Р·РІР°РЅРёРµ Р±СѓР»РєРё РѕС‡РµРЅСЊ РґР»РёРЅРЅРѕРµ РЅР°Р·РІР°РЅРёРµ Р±СѓР»РєРё РѕС‡РµРЅСЊ РґР»РёРЅРЅРѕРµ РЅР°Р·РІР°РЅРёРµ Р±СѓР»РєРё РѕС‡РµРЅСЊ РґР»РёРЅРЅРѕРµ РЅР°Р·РІР°РЅРёРµ Р±СѓР»РєРё РѕС‡РµРЅСЊ РґР»РёРЅРЅРѕРµ РЅР°Р·РІР°РЅРёРµ Р±СѓР»РєРё РѕС‡РµРЅСЊ РґР»РёРЅРЅРѕРµ РЅР°Р·РІР°РЅРёРµ Р±СѓР»РєРё РѕС‡РµРЅСЊ РґР»РёРЅРЅРѕРµ РЅР°Р·РІР°РЅРёРµ Р±СѓР»РєРё РѕС‡РµРЅСЊ РґР»РёРЅРЅРѕРµ РЅР°Р·РІР°РЅРёРµ Р±СѓР»РєРё РѕС‡РµРЅСЊ РґР»РёРЅРЅРѕРµ РЅР°Р·РІР°РЅРёРµ Р±СѓР»РєРё РѕС‡РµРЅСЊ РґР»РёРЅРЅРѕРµ РЅР°Р·РІР°РЅРёРµ Р±СѓР»РєРё РѕС‡РµРЅСЊ РґР»РёРЅРЅРѕРµ РЅР°Р·РІР°РЅРёРµ Р±СѓР»РєРё РѕС‡РµРЅСЊ РґР»РёРЅРЅРѕРµ РЅР°Р·РІР°РЅРёРµ Р±СѓР»РєРё РѕС‡РµРЅСЊ РґР»РёРЅРЅРѕРµ РЅР°Р·РІР°РЅРёРµ Р±СѓР»РєРё РѕС‡РµРЅСЊ РґР»РёРЅРЅРѕРµ РЅР°Р·РІР°РЅРёРµ Р±СѓР»РєРё РѕС‡РµРЅСЊ РґР»РёРЅРЅРѕРµ РЅР°Р·РІР°РЅРёРµ Р±СѓР»РєРё РѕС‡РµРЅСЊ РґР»РёРЅРЅРѕРµ РЅР°Р·РІР°РЅРёРµ Р±СѓР»РєРё РѕС‡РµРЅСЊ РґР»РёРЅРЅРѕРµ РЅР°Р·РІР°РЅРёРµ Р±СѓР»РєРё РѕС‡РµРЅСЊ РґР»РёРЅРЅРѕРµ РЅР°Р·РІР°РЅРёРµ Р±СѓР»РєРё РѕС‡РµРЅСЊ РґР»РёРЅРЅРѕРµ РЅР°Р·РІР°РЅРёРµ Р±СѓР»РєРё РѕС‡РµРЅСЊ РґР»РёРЅРЅРѕРµ РЅР°Р·РІР°РЅРёРµ Р±СѓР»РєРё РѕС‡РµРЅСЊ РґР»РёРЅРЅРѕРµ РЅР°Р·РІР°РЅРёРµ Р±СѓР»РєРё РѕС‡РµРЅСЊ РґР»РёРЅРЅРѕРµ РЅР°Р·РІР°РЅРёРµ Р±СѓР»РєРё РѕС‡РµРЅСЊ РґР»РёРЅРЅРѕРµ РЅР°Р·РІР°РЅРёРµ Р±СѓР»РєРё РѕС‡РµРЅСЊ РґР»РёРЅРЅРѕРµ РЅР°Р·РІР°РЅРёРµ Р±СѓР»РєРё РѕС‡РµРЅСЊ РґР»РёРЅРЅРѕРµ РЅР°Р·РІР°РЅРёРµ Р±СѓР»РєРё РѕС‡РµРЅСЊ РґР»РёРЅРЅРѕРµ РЅР°Р·РІР°РЅРёРµ Р±СѓР»РєРё РѕС‡РµРЅСЊ РґР»РёРЅРЅРѕРµ РЅР°Р·РІР°РЅРёРµ Р±СѓР»РєРё РѕС‡РµРЅСЊ РґР»РёРЅРЅРѕРµ РЅР°Р·РІР°РЅРёРµ Р±СѓР»РєРё , 100]" classname="BunTest" time="0.001"/>
  <testcase name="getNameParamTest[РўРµСЃС‚ РґР°РЅРЅС‹Рµ: РљСЂР°С‚РѕСЂРЅР°СЏ Р±СѓР»РєР° N-200iРѕС‡РµРЅСЊ РґР»РёРЅРЅРѕРµ РЅР°Р·РІР°РЅРёРµ Р±СѓР»РєРё РѕС‡РµРЅСЊ РґР»РёРЅРЅРѕРµ РЅР°Р·РІР°РЅРёРµ Р±СѓР»РєРё РѕС‡РµРЅСЊ РґР»РёРЅРЅРѕРµ РЅР°Р·РІР°РЅРёРµ Р±СѓР»РєРё РѕС‡РµРЅСЊ РґР»РёРЅРЅРѕРµ РЅР°Р·РІР°РЅРёРµ Р±СѓР»РєРё РѕС‡РµРЅСЊ РґР»РёРЅРЅРѕРµ РЅР°Р·РІР°РЅРёРµ Р±СѓР»РєРё РѕС‡РµРЅСЊ РґР»РёРЅРЅРѕРµ РЅР°Р·РІР°РЅРёРµ Р±СѓР»РєРё РѕС‡РµРЅСЊ РґР»РёРЅРЅРѕРµ РЅР°Р·РІР°РЅРёРµ Р±СѓР»РєРё РѕС‡РµРЅСЊ РґР»РёРЅРЅРѕРµ РЅР°Р·РІР°РЅРёРµ Р±СѓР»РєРё РѕС‡РµРЅСЊ РґР»РёРЅРЅРѕРµ РЅР°Р·РІР°РЅРёРµ Р±СѓР»РєРё РѕС‡РµРЅСЊ РґР»РёРЅРЅРѕРµ РЅР°Р·РІР°РЅРёРµ Р±СѓР»РєРё РѕС‡РµРЅСЊ РґР»РёРЅРЅРѕРµ РЅР°Р·РІР°РЅРёРµ Р±СѓР»РєРё РѕС‡РµРЅСЊ РґР»РёРЅРЅРѕРµ РЅР°Р·РІР°РЅРёРµ Р±СѓР»РєРё РѕС‡РµРЅСЊ РґР»РёРЅРЅРѕРµ РЅР°Р·РІР°РЅРёРµ Р±СѓР»РєРё РѕС‡РµРЅСЊ РґР»РёРЅРЅРѕРµ РЅР°Р·РІР°РЅРёРµ Р±СѓР»РєРё РѕС‡РµРЅСЊ РґР»РёРЅРЅРѕРµ РЅР°Р·РІР°РЅРёРµ Р±СѓР»РєРё РѕС‡РµРЅСЊ РґР»РёРЅРЅРѕРµ РЅР°Р·РІР°РЅРёРµ Р±СѓР»РєРё РѕС‡РµРЅСЊ РґР»РёРЅРЅРѕРµ РЅР°Р·РІР°РЅРёРµ Р±СѓР»РєРё РѕС‡РµРЅСЊ РґР»РёРЅРЅРѕРµ РЅР°Р·РІР°РЅРёРµ Р±СѓР»РєРё РѕС‡РµРЅСЊ РґР»РёРЅРЅРѕРµ РЅР°Р·РІР°РЅРёРµ Р±СѓР»РєРё РѕС‡РµРЅСЊ РґР»РёРЅРЅРѕРµ РЅР°Р·РІР°РЅРёРµ Р±СѓР»РєРё РѕС‡РµРЅСЊ РґР»РёРЅРЅРѕРµ РЅР°Р·РІР°РЅРёРµ Р±СѓР»РєРё РѕС‡РµРЅСЊ РґР»РёРЅРЅРѕРµ РЅР°Р·РІР°РЅРёРµ Р±СѓР»РєРё РѕС‡РµРЅСЊ РґР»РёРЅРЅРѕРµ РЅР°Р·РІР°РЅРёРµ Р±СѓР»РєРё РѕС‡РµРЅСЊ РґР»РёРЅРЅРѕРµ РЅР°Р·РІР°РЅРёРµ Р±СѓР»РєРё РѕС‡РµРЅСЊ РґР»РёРЅРЅРѕРµ РЅР°Р·РІР°РЅРёРµ Р±СѓР»РєРё РѕС‡РµРЅСЊ РґР»РёРЅРЅРѕРµ РЅР°Р·РІР°РЅРёРµ Р±СѓР»РєРё РѕС‡РµРЅСЊ РґР»РёРЅРЅРѕРµ РЅР°Р·РІР°РЅРёРµ Р±СѓР»РєРё РѕС‡РµРЅСЊ РґР»РёРЅРЅРѕРµ РЅР°Р·РІР°РЅРёРµ Р±СѓР»РєРё РѕС‡РµРЅСЊ РґР»РёРЅРЅРѕРµ РЅР°Р·РІР°РЅРёРµ Р±СѓР»РєРё РѕС‡РµРЅСЊ РґР»РёРЅРЅРѕРµ РЅР°Р·РІР°РЅРёРµ Р±СѓР»РєРё РѕС‡РµРЅСЊ РґР»РёРЅРЅРѕРµ РЅР°Р·РІР°РЅРёРµ Р±СѓР»РєРё РѕС‡РµРЅСЊ РґР»РёРЅРЅРѕРµ РЅР°Р·РІР°РЅРёРµ Р±СѓР»РєРё РѕС‡РµРЅСЊ РґР»РёРЅРЅРѕРµ РЅР°Р·РІР°РЅРёРµ Р±СѓР»РєРё РѕС‡РµРЅСЊ РґР»РёРЅРЅРѕРµ РЅР°Р·РІР°РЅРёРµ Р±СѓР»РєРё РѕС‡РµРЅСЊ РґР»РёРЅРЅРѕРµ РЅР°Р·РІР°РЅРёРµ Р±СѓР»РєРё РѕС‡РµРЅСЊ РґР»РёРЅРЅРѕРµ РЅР°Р·РІР°РЅРёРµ Р±СѓР»РєРё РѕС‡РµРЅСЊ РґР»РёРЅРЅРѕРµ РЅР°Р·РІР°РЅРёРµ Р±СѓР»РєРё РѕС‡РµРЅСЊ РґР»РёРЅРЅРѕРµ РЅР°Р·РІР°РЅРёРµ Р±СѓР»РєРё РѕС‡РµРЅСЊ РґР»РёРЅРЅРѕРµ РЅР°Р·РІР°РЅРёРµ Р±СѓР»РєРё РѕС‡РµРЅСЊ РґР»РёРЅРЅРѕРµ РЅР°Р·РІР°РЅРёРµ Р±СѓР»РєРё РѕС‡РµРЅСЊ РґР»РёРЅРЅРѕРµ РЅР°Р·РІР°РЅРёРµ Р±СѓР»РєРё РѕС‡РµРЅСЊ РґР»РёРЅРЅРѕРµ РЅР°Р·РІР°РЅРёРµ Р±СѓР»РєРё РѕС‡РµРЅСЊ РґР»РёРЅРЅРѕРµ РЅР°Р·РІР°РЅРёРµ Р±СѓР»РєРё РѕС‡РµРЅСЊ РґР»РёРЅРЅРѕРµ РЅР°Р·РІР°РЅРёРµ Р±СѓР»РєРё РѕС‡РµРЅСЊ РґР»РёРЅРЅРѕРµ РЅР°Р·РІР°РЅРёРµ Р±СѓР»РєРё РѕС‡РµРЅСЊ РґР»РёРЅРЅРѕРµ РЅР°Р·РІР°РЅРёРµ Р±СѓР»РєРё РѕС‡РµРЅСЊ РґР»РёРЅРЅРѕРµ РЅР°Р·РІР°РЅРёРµ Р±СѓР»РєРё РѕС‡РµРЅСЊ РґР»РёРЅРЅРѕРµ РЅР°Р·РІР°РЅРёРµ Р±СѓР»РєРё РѕС‡РµРЅСЊ РґР»РёРЅРЅРѕРµ РЅР°Р·РІР°РЅРёРµ Р±СѓР»РєРё РѕС‡РµРЅСЊ РґР»РёРЅРЅРѕРµ РЅР°Р·РІР°РЅРёРµ Р±СѓР»РєРё РѕС‡РµРЅСЊ РґР»РёРЅРЅРѕРµ РЅР°Р·РІР°РЅРёРµ Р±СѓР»РєРё РѕС‡РµРЅСЊ РґР»РёРЅРЅРѕРµ РЅР°Р·РІР°РЅРёРµ Р±СѓР»РєРё РѕС‡РµРЅСЊ РґР»РёРЅРЅРѕРµ РЅР°Р·РІР°РЅРёРµ Р±СѓР»РєРё РѕС‡РµРЅСЊ РґР»РёРЅРЅРѕРµ РЅР°Р·РІР°РЅРёРµ Р±СѓР»РєРё РѕС‡РµРЅСЊ РґР»РёРЅРЅРѕРµ РЅР°Р·РІР°РЅРёРµ Р±СѓР»РєРё РѕС‡РµРЅСЊ РґР»РёРЅРЅРѕРµ РЅР°Р·РІР°РЅРёРµ Р±СѓР»РєРё РѕС‡РµРЅСЊ РґР»РёРЅРЅРѕРµ РЅР°Р·РІР°РЅРёРµ Р±СѓР»РєРё РѕС‡РµРЅСЊ РґР»РёРЅРЅРѕРµ РЅР°Р·РІР°РЅРёРµ Р±СѓР»РєРё РѕС‡РµРЅСЊ РґР»РёРЅРЅРѕРµ РЅР°Р·РІР°РЅРёРµ Р±СѓР»РєРё РѕС‡РµРЅСЊ РґР»РёРЅРЅРѕРµ РЅР°Р·РІР°РЅРёРµ Р±СѓР»РєРё РѕС‡РµРЅСЊ РґР»РёРЅРЅРѕРµ РЅР°Р·РІР°РЅРёРµ Р±СѓР»РєРё РѕС‡РµРЅСЊ РґР»РёРЅРЅРѕРµ РЅР°Р·РІР°РЅРёРµ Р±СѓР»РєРё РѕС‡РµРЅСЊ РґР»РёРЅРЅРѕРµ РЅР°Р·РІР°РЅРёРµ Р±СѓР»РєРё РѕС‡РµРЅСЊ РґР»РёРЅРЅРѕРµ РЅР°Р·РІР°РЅРёРµ Р±СѓР»РєРё РѕС‡РµРЅСЊ РґР»РёРЅРЅРѕРµ РЅР°Р·РІР°РЅРёРµ Р±СѓР»РєРё РѕС‡РµРЅСЊ РґР»РёРЅРЅРѕРµ РЅР°Р·РІР°РЅРёРµ Р±СѓР»РєРё РѕС‡РµРЅСЊ РґР»РёРЅРЅРѕРµ РЅР°Р·РІР°РЅРёРµ Р±СѓР»РєРё РѕС‡РµРЅСЊ РґР»РёРЅРЅРѕРµ РЅР°Р·РІР°РЅРёРµ Р±СѓР»РєРё РѕС‡РµРЅСЊ РґР»РёРЅРЅРѕРµ РЅР°Р·РІР°РЅРёРµ Р±СѓР»РєРё РѕС‡РµРЅСЊ РґР»РёРЅРЅРѕРµ РЅР°Р·РІР°РЅРёРµ Р±СѓР»РєРё РѕС‡РµРЅСЊ РґР»РёРЅРЅРѕРµ РЅР°Р·РІР°РЅРёРµ Р±СѓР»РєРё РѕС‡РµРЅСЊ РґР»РёРЅРЅРѕРµ РЅР°Р·РІР°РЅРёРµ Р±СѓР»РєРё РѕС‡РµРЅСЊ РґР»РёРЅРЅРѕРµ РЅР°Р·РІР°РЅРёРµ Р±СѓР»РєРё РѕС‡РµРЅСЊ РґР»РёРЅРЅРѕРµ РЅР°Р·РІР°РЅРёРµ Р±СѓР»РєРё РѕС‡РµРЅСЊ РґР»РёРЅРЅРѕРµ РЅР°Р·РІР°РЅРёРµ Р±СѓР»РєРё РѕС‡РµРЅСЊ РґР»РёРЅРЅРѕРµ РЅР°Р·РІР°РЅРёРµ Р±СѓР»РєРё РѕС‡РµРЅСЊ РґР»РёРЅРЅРѕРµ РЅР°Р·РІР°РЅРёРµ Р±СѓР»РєРё РѕС‡РµРЅСЊ РґР»РёРЅРЅРѕРµ РЅР°Р·РІР°РЅРёРµ Р±СѓР»РєРё РѕС‡РµРЅСЊ РґР»РёРЅРЅРѕРµ РЅР°Р·РІР°РЅРёРµ Р±СѓР»РєРё РѕС‡РµРЅСЊ РґР»РёРЅРЅРѕРµ РЅР°Р·РІР°РЅРёРµ Р±СѓР»РєРё РѕС‡РµРЅСЊ РґР»РёРЅРЅРѕРµ РЅР°Р·РІР°РЅРёРµ Р±СѓР»РєРё РѕС‡РµРЅСЊ РґР»РёРЅРЅРѕРµ РЅР°Р·РІР°РЅРёРµ Р±СѓР»РєРё РѕС‡РµРЅСЊ РґР»РёРЅРЅРѕРµ РЅР°Р·РІР°РЅРёРµ Р±СѓР»РєРё РѕС‡РµРЅСЊ РґР»РёРЅРЅРѕРµ РЅР°Р·РІР°РЅРёРµ Р±СѓР»РєРё РѕС‡РµРЅСЊ РґР»РёРЅРЅРѕРµ РЅР°Р·РІР°РЅРёРµ Р±СѓР»РєРё РѕС‡РµРЅСЊ РґР»РёРЅРЅРѕРµ РЅР°Р·РІР°РЅРёРµ Р±СѓР»РєРё РѕС‡РµРЅСЊ РґР»РёРЅРЅРѕРµ РЅР°Р·РІР°РЅРёРµ Р±СѓР»РєРё РѕС‡РµРЅСЊ РґР»РёРЅРЅРѕРµ РЅР°Р·РІР°РЅРёРµ Р±СѓР»РєРё РѕС‡РµРЅСЊ РґР»РёРЅРЅРѕРµ РЅР°Р·РІР°РЅРёРµ Р±СѓР»РєРё РѕС‡РµРЅСЊ РґР»РёРЅРЅРѕРµ РЅР°Р·РІР°РЅРёРµ Р±СѓР»РєРё РѕС‡РµРЅСЊ РґР»РёРЅРЅРѕРµ РЅР°Р·РІР°РЅРёРµ Р±СѓР»РєРё РѕС‡РµРЅСЊ РґР»РёРЅРЅРѕРµ РЅР°Р·РІР°РЅРёРµ Р±СѓР»РєРё РѕС‡РµРЅСЊ РґР»РёРЅРЅРѕРµ РЅР°Р·РІР°РЅРёРµ Р±СѓР»РєРё РѕС‡РµРЅСЊ РґР»РёРЅРЅРѕРµ РЅР°Р·РІР°РЅРёРµ Р±СѓР»РєРё РѕС‡РµРЅСЊ РґР»РёРЅРЅРѕРµ РЅР°Р·РІР°РЅРёРµ Р±СѓР»РєРё РѕС‡РµРЅСЊ РґР»РёРЅРЅРѕРµ РЅР°Р·РІР°РЅРёРµ Р±СѓР»РєРё РѕС‡РµРЅСЊ РґР»РёРЅРЅРѕРµ РЅР°Р·РІР°РЅРёРµ Р±СѓР»РєРё РѕС‡РµРЅСЊ РґР»РёРЅРЅРѕРµ РЅР°Р·РІР°РЅРёРµ Р±СѓР»РєРё РѕС‡РµРЅСЊ РґР»РёРЅРЅРѕРµ РЅР°Р·РІР°РЅРёРµ Р±СѓР»РєРё РѕС‡РµРЅСЊ РґР»РёРЅРЅРѕРµ РЅР°Р·РІР°РЅРёРµ Р±СѓР»РєРё , 100]" classname="BunTest" time="0.001"/>
  <testcase name="getPriceParamTest[РўРµСЃС‚ РґР°РЅРЅС‹Рµ: РљСЂР°С‚РѕСЂРЅР°СЏ Р±СѓР»РєР° N-200iРѕС‡РµРЅСЊ РґР»РёРЅРЅРѕРµ РЅР°Р·РІР°РЅРёРµ Р±СѓР»РєРё РѕС‡РµРЅСЊ РґР»РёРЅРЅРѕРµ РЅР°Р·РІР°РЅРёРµ Р±СѓР»РєРё РѕС‡РµРЅСЊ РґР»РёРЅРЅРѕРµ РЅР°Р·РІР°РЅРёРµ Р±СѓР»РєРё РѕС‡РµРЅСЊ РґР»РёРЅРЅРѕРµ РЅР°Р·РІР°РЅРёРµ Р±СѓР»РєРё РѕС‡РµРЅСЊ РґР»РёРЅРЅРѕРµ РЅР°Р·РІР°РЅРёРµ Р±СѓР»РєРё РѕС‡РµРЅСЊ РґР»РёРЅРЅРѕРµ РЅР°Р·РІР°РЅРёРµ Р±СѓР»РєРё РѕС‡РµРЅСЊ РґР»РёРЅРЅРѕРµ РЅР°Р·РІР°РЅРёРµ Р±СѓР»РєРё РѕС‡РµРЅСЊ РґР»РёРЅРЅРѕРµ РЅР°Р·РІР°РЅРёРµ Р±СѓР»РєРё РѕС‡РµРЅСЊ РґР»РёРЅРЅРѕРµ РЅР°Р·РІР°РЅРёРµ Р±СѓР»РєРё РѕС‡РµРЅСЊ РґР»РёРЅРЅРѕРµ РЅР°Р·РІР°РЅРёРµ Р±СѓР»РєРё РѕС‡РµРЅСЊ РґР»РёРЅРЅРѕРµ РЅР°Р·РІР°РЅРёРµ Р±СѓР»РєРё РѕС‡РµРЅСЊ РґР»РёРЅРЅРѕРµ РЅР°Р·РІР°РЅРёРµ Р±СѓР»РєРё РѕС‡РµРЅСЊ РґР»РёРЅРЅРѕРµ РЅР°Р·РІР°РЅРёРµ Р±СѓР»РєРё РѕС‡РµРЅСЊ РґР»РёРЅРЅРѕРµ РЅР°Р·РІР°РЅРёРµ Р±СѓР»РєРё РѕС‡РµРЅСЊ РґР»РёРЅРЅРѕРµ РЅР°Р·РІР°РЅРёРµ Р±СѓР»РєРё РѕС‡РµРЅСЊ РґР»РёРЅРЅРѕРµ РЅР°Р·РІР°РЅРёРµ Р±СѓР»РєРё РѕС‡РµРЅСЊ РґР»РёРЅРЅРѕРµ РЅР°Р·РІР°РЅРёРµ Р±СѓР»РєРё РѕС‡РµРЅСЊ РґР»РёРЅРЅРѕРµ РЅР°Р·РІР°РЅРёРµ Р±СѓР»РєРё РѕС‡РµРЅСЊ РґР»РёРЅРЅРѕРµ РЅР°Р·РІР°РЅРёРµ Р±СѓР»РєРё РѕС‡РµРЅСЊ РґР»РёРЅРЅРѕРµ РЅР°Р·РІР°РЅРёРµ Р±СѓР»РєРё РѕС‡РµРЅСЊ РґР»РёРЅРЅРѕРµ РЅР°Р·РІР°РЅРёРµ Р±СѓР»РєРё РѕС‡РµРЅСЊ РґР»РёРЅРЅРѕРµ РЅР°Р·РІР°РЅРёРµ Р±СѓР»РєРё РѕС‡РµРЅСЊ РґР»РёРЅРЅРѕРµ РЅР°Р·РІР°РЅРёРµ Р±СѓР»РєРё РѕС‡РµРЅСЊ РґР»РёРЅРЅРѕРµ РЅР°Р·РІР°РЅРёРµ Р±СѓР»РєРё РѕС‡РµРЅСЊ РґР»РёРЅРЅРѕРµ РЅР°Р·РІР°РЅРёРµ Р±СѓР»РєРё РѕС‡РµРЅСЊ РґР»РёРЅРЅРѕРµ РЅР°Р·РІР°РЅРёРµ Р±СѓР»РєРё РѕС‡РµРЅСЊ РґР»РёРЅРЅРѕРµ РЅР°Р·РІР°РЅРёРµ Р±СѓР»РєРё РѕС‡РµРЅСЊ РґР»РёРЅРЅРѕРµ РЅР°Р·РІР°РЅРёРµ Р±СѓР»РєРё РѕС‡РµРЅСЊ РґР»РёРЅРЅРѕРµ РЅР°Р·РІР°РЅРёРµ Р±СѓР»РєРё РѕС‡РµРЅСЊ РґР»РёРЅРЅРѕРµ РЅР°Р·РІР°РЅРёРµ Р±СѓР»РєРё РѕС‡РµРЅСЊ РґР»РёРЅРЅРѕРµ РЅР°Р·РІР°РЅРёРµ Р±СѓР»РєРё РѕС‡РµРЅСЊ РґР»РёРЅРЅРѕРµ РЅР°Р·РІР°РЅРёРµ Р±СѓР»РєРё РѕС‡РµРЅСЊ РґР»РёРЅРЅРѕРµ РЅР°Р·РІР°РЅРёРµ Р±СѓР»РєРё РѕС‡РµРЅСЊ РґР»РёРЅРЅРѕРµ РЅР°Р·РІР°РЅРёРµ Р±СѓР»РєРё РѕС‡РµРЅСЊ РґР»РёРЅРЅРѕРµ РЅР°Р·РІР°РЅРёРµ Р±СѓР»РєРё РѕС‡РµРЅСЊ РґР»РёРЅРЅРѕРµ РЅР°Р·РІР°РЅРёРµ Р±СѓР»РєРё РѕС‡РµРЅСЊ РґР»РёРЅРЅРѕРµ РЅР°Р·РІР°РЅРёРµ Р±СѓР»РєРё РѕС‡РµРЅСЊ РґР»РёРЅРЅРѕРµ РЅР°Р·РІР°РЅРёРµ Р±СѓР»РєРё РѕС‡РµРЅСЊ РґР»РёРЅРЅРѕРµ РЅР°Р·РІР°РЅРёРµ Р±СѓР»РєРё РѕС‡РµРЅСЊ РґР»РёРЅРЅРѕРµ РЅР°Р·РІР°РЅРёРµ Р±СѓР»РєРё РѕС‡РµРЅСЊ РґР»РёРЅРЅРѕРµ РЅР°Р·РІР°РЅРёРµ Р±СѓР»РєРё РѕС‡РµРЅСЊ РґР»РёРЅРЅРѕРµ РЅР°Р·РІР°РЅРёРµ Р±СѓР»РєРё РѕС‡РµРЅСЊ РґР»РёРЅРЅРѕРµ РЅР°Р·РІР°РЅРёРµ Р±СѓР»РєРё РѕС‡РµРЅСЊ РґР»РёРЅРЅРѕРµ РЅР°Р·РІР°РЅРёРµ Р±СѓР»РєРё РѕС‡РµРЅСЊ РґР»РёРЅРЅРѕРµ РЅР°Р·РІР°РЅРёРµ Р±СѓР»РєРё РѕС‡РµРЅСЊ РґР»РёРЅРЅРѕРµ РЅР°Р·РІР°РЅРёРµ Р±СѓР»РєРё РѕС‡РµРЅСЊ РґР»РёРЅРЅРѕРµ РЅР°Р·РІР°РЅРёРµ Р±СѓР»РєРё РѕС‡РµРЅСЊ РґР»РёРЅРЅРѕРµ РЅР°Р·РІР°РЅРёРµ Р±СѓР»РєРё РѕС‡РµРЅСЊ РґР»РёРЅРЅРѕРµ РЅР°Р·РІР°РЅРёРµ Р±СѓР»РєРё РѕС‡РµРЅСЊ РґР»РёРЅРЅРѕРµ РЅР°Р·РІР°РЅРёРµ Р±СѓР»РєРё РѕС‡РµРЅСЊ РґР»РёРЅРЅРѕРµ РЅР°Р·РІР°РЅРёРµ Р±СѓР»РєРё РѕС‡РµРЅСЊ РґР»РёРЅРЅРѕРµ РЅР°Р·РІР°РЅРёРµ Р±СѓР»РєРё РѕС‡РµРЅСЊ РґР»РёРЅРЅРѕРµ РЅР°Р·РІР°РЅРёРµ Р±СѓР»РєРё РѕС‡РµРЅСЊ РґР»РёРЅРЅРѕРµ РЅР°Р·РІР°РЅРёРµ Р±СѓР»РєРё РѕС‡РµРЅСЊ РґР»РёРЅРЅРѕРµ РЅР°Р·РІР°РЅРёРµ Р±СѓР»РєРё РѕС‡РµРЅСЊ РґР»РёРЅРЅРѕРµ РЅР°Р·РІР°РЅРёРµ Р±СѓР»РєРё РѕС‡РµРЅСЊ РґР»РёРЅРЅРѕРµ РЅР°Р·РІР°РЅРёРµ Р±СѓР»РєРё РѕС‡РµРЅСЊ РґР»РёРЅРЅРѕРµ РЅР°Р·РІР°РЅРёРµ Р±СѓР»РєРё РѕС‡РµРЅСЊ РґР»РёРЅРЅРѕРµ РЅР°Р·РІР°РЅРёРµ Р±СѓР»РєРё РѕС‡РµРЅСЊ РґР»РёРЅРЅРѕРµ РЅР°Р·РІР°РЅРёРµ Р±СѓР»РєРё РѕС‡РµРЅСЊ РґР»РёРЅРЅРѕРµ РЅР°Р·РІР°РЅРёРµ Р±СѓР»РєРё РѕС‡РµРЅСЊ РґР»РёРЅРЅРѕРµ РЅР°Р·РІР°РЅРёРµ Р±СѓР»РєРё РѕС‡РµРЅСЊ РґР»РёРЅРЅРѕРµ РЅР°Р·РІР°РЅРёРµ Р±СѓР»РєРё РѕС‡РµРЅСЊ РґР»РёРЅРЅРѕРµ РЅР°Р·РІР°РЅРёРµ Р±СѓР»РєРё РѕС‡РµРЅСЊ РґР»РёРЅРЅРѕРµ РЅР°Р·РІР°РЅРёРµ Р±СѓР»РєРё РѕС‡РµРЅСЊ РґР»РёРЅРЅРѕРµ РЅР°Р·РІР°РЅРёРµ Р±СѓР»РєРё РѕС‡РµРЅСЊ РґР»РёРЅРЅРѕРµ РЅР°Р·РІР°РЅРёРµ Р±СѓР»РєРё РѕС‡РµРЅСЊ РґР»РёРЅРЅРѕРµ РЅР°Р·РІР°РЅРёРµ Р±СѓР»РєРё РѕС‡РµРЅСЊ РґР»РёРЅРЅРѕРµ РЅР°Р·РІР°РЅРёРµ Р±СѓР»РєРё РѕС‡РµРЅСЊ РґР»РёРЅРЅРѕРµ РЅР°Р·РІР°РЅРёРµ Р±СѓР»РєРё РѕС‡РµРЅСЊ РґР»РёРЅРЅРѕРµ РЅР°Р·РІР°РЅРёРµ Р±СѓР»РєРё РѕС‡РµРЅСЊ РґР»РёРЅРЅРѕРµ РЅР°Р·РІР°РЅРёРµ Р±СѓР»РєРё РѕС‡РµРЅСЊ РґР»РёРЅРЅРѕРµ РЅР°Р·РІР°РЅРёРµ Р±СѓР»РєРё РѕС‡РµРЅСЊ РґР»РёРЅРЅРѕРµ РЅР°Р·РІР°РЅРёРµ Р±СѓР»РєРё РѕС‡РµРЅСЊ РґР»РёРЅРЅРѕРµ РЅР°Р·РІР°РЅРёРµ Р±СѓР»РєРё РѕС‡РµРЅСЊ РґР»РёРЅРЅРѕРµ РЅР°Р·РІР°РЅРёРµ Р±СѓР»РєРё РѕС‡РµРЅСЊ РґР»РёРЅРЅРѕРµ РЅР°Р·РІР°РЅРёРµ Р±СѓР»РєРё РѕС‡РµРЅСЊ РґР»РёРЅРЅРѕРµ РЅР°Р·РІР°РЅРёРµ Р±СѓР»РєРё РѕС‡РµРЅСЊ РґР»РёРЅРЅРѕРµ РЅР°Р·РІР°РЅРёРµ Р±СѓР»РєРё РѕС‡РµРЅСЊ РґР»РёРЅРЅРѕРµ РЅР°Р·РІР°РЅРёРµ Р±СѓР»РєРё РѕС‡РµРЅСЊ РґР»РёРЅРЅРѕРµ РЅР°Р·РІР°РЅРёРµ Р±СѓР»РєРё РѕС‡РµРЅСЊ РґР»РёРЅРЅРѕРµ РЅР°Р·РІР°РЅРёРµ Р±СѓР»РєРё РѕС‡РµРЅСЊ РґР»РёРЅРЅРѕРµ РЅР°Р·РІР°РЅРёРµ Р±СѓР»РєРё РѕС‡РµРЅСЊ РґР»РёРЅРЅРѕРµ РЅР°Р·РІР°РЅРёРµ Р±СѓР»РєРё РѕС‡РµРЅСЊ РґР»РёРЅРЅРѕРµ РЅР°Р·РІР°РЅРёРµ Р±СѓР»РєРё РѕС‡РµРЅСЊ РґР»РёРЅРЅРѕРµ РЅР°Р·РІР°РЅРёРµ Р±СѓР»РєРё РѕС‡РµРЅСЊ РґР»РёРЅРЅРѕРµ РЅР°Р·РІР°РЅРёРµ Р±СѓР»РєРё РѕС‡РµРЅСЊ РґР»РёРЅРЅРѕРµ РЅР°Р·РІР°РЅРёРµ Р±СѓР»РєРё РѕС‡РµРЅСЊ РґР»РёРЅРЅРѕРµ РЅР°Р·РІР°РЅРёРµ Р±СѓР»РєРё РѕС‡РµРЅСЊ РґР»РёРЅРЅРѕРµ РЅР°Р·РІР°РЅРёРµ Р±СѓР»РєРё РѕС‡РµРЅСЊ РґР»РёРЅРЅРѕРµ РЅР°Р·РІР°РЅРёРµ Р±СѓР»РєРё РѕС‡РµРЅСЊ РґР»РёРЅРЅРѕРµ РЅР°Р·РІР°РЅРёРµ Р±СѓР»РєРё РѕС‡РµРЅСЊ РґР»РёРЅРЅРѕРµ РЅР°Р·РІР°РЅРёРµ Р±СѓР»РєРё РѕС‡РµРЅСЊ РґР»РёРЅРЅРѕРµ РЅР°Р·РІР°РЅРёРµ Р±СѓР»РєРё РѕС‡РµРЅСЊ РґР»РёРЅРЅРѕРµ РЅР°Р·РІР°РЅРёРµ Р±СѓР»РєРё РѕС‡РµРЅСЊ РґР»РёРЅРЅРѕРµ РЅР°Р·РІР°РЅРёРµ Р±СѓР»РєРё РѕС‡РµРЅСЊ РґР»РёРЅРЅРѕРµ РЅР°Р·РІР°РЅРёРµ Р±СѓР»РєРё РѕС‡РµРЅСЊ РґР»РёРЅРЅРѕРµ РЅР°Р·РІР°РЅРёРµ Р±СѓР»РєРё РѕС‡РµРЅСЊ РґР»РёРЅРЅРѕРµ РЅР°Р·РІР°РЅРёРµ Р±СѓР»РєРё РѕС‡РµРЅСЊ РґР»РёРЅРЅРѕРµ РЅР°Р·РІР°РЅРёРµ Р±СѓР»РєРё , 100]" classname="BunTest" time="0.002"/>
  <testcase name="veryLongNameTest[РўРµСЃС‚ РґР°РЅРЅС‹Рµ: ?:в„–!, 0]" classname="BunTest" time="0.0"/>
  <testcase name="getNameParamTest[РўРµСЃС‚ РґР°РЅРЅС‹Рµ: ?:в„–!, 0]" classname="BunTest" time="0.0"/>
  <testcase name="getPriceParamTest[РўРµСЃС‚ РґР°РЅРЅС‹Рµ: ?:в„–!, 0]" classname="BunTest" time="0.0"/>
  <testcase name="veryLongNameTest[РўРµСЃС‚ РґР°РЅРЅС‹Рµ: null, 988]" classname="BunTest" time="0.001"/>
  <testcase name="getNameParamTest[РўРµСЃС‚ РґР°РЅРЅС‹Рµ: null, 988]" classname="BunTest" time="0.0"/>
  <testcase name="getPriceParamTest[РўРµСЃС‚ РґР°РЅРЅС‹Рµ: null, 988]" classname="BunTest" time="0.0"/>
  <testcase name="veryLongNameTest[РўРµСЃС‚ РґР°РЅРЅС‹Рµ: Р¤Р»СЋРѕСЂРµСЃС†РµРЅС‚РЅР°СЏ Р±СѓР»РєР° R2-D3 СЃ РѕС‡РµРЅСЊ-РѕС‡РµРЅСЊ РґР»РёРЅРЅС‹Рј РЅР°Р·РІР°РЅРёРµРј, РєРѕС‚РѕСЂРѕРµ РїСЂРµРІС‹С€Р°РµС‚ РЅРѕСЂРјР°Р»СЊРЅСѓСЋ РґР»РёРЅСѓ РґР»СЏ С‚РµСЃС‚РёСЂРѕРІР°РЅРёСЏ, 500]" classname="BunTest" time="0.001"/>
  <testcase name="getNameParamTest[РўРµСЃС‚ РґР°РЅРЅС‹Рµ: Р¤Р»СЋРѕСЂРµСЃС†РµРЅС‚РЅР°СЏ Р±СѓР»РєР° R2-D3 СЃ РѕС‡РµРЅСЊ-РѕС‡РµРЅСЊ РґР»РёРЅРЅС‹Рј РЅР°Р·РІР°РЅРёРµРј, РєРѕС‚РѕСЂРѕРµ РїСЂРµРІС‹С€Р°РµС‚ РЅРѕСЂРјР°Р»СЊРЅСѓСЋ РґР»РёРЅСѓ РґР»СЏ С‚РµСЃС‚РёСЂРѕРІР°РЅРёСЏ, 500]" classname="BunTest" time="0.0"/>
  <testcase name="getPriceParamTest[РўРµСЃС‚ РґР°РЅРЅС‹Рµ: Р¤Р»СЋРѕСЂРµСЃС†РµРЅС‚РЅР°СЏ Р±СѓР»РєР° R2-D3 СЃ РѕС‡РµРЅСЊ-РѕС‡РµРЅСЊ РґР»РёРЅРЅС‹Рј РЅР°Р·РІР°РЅРёРµРј, РєРѕС‚РѕСЂРѕРµ РїСЂРµРІС‹С€Р°РµС‚ РЅРѕСЂРјР°Р»СЊРЅСѓСЋ РґР»РёРЅСѓ РґР»СЏ С‚РµСЃС‚РёСЂРѕРІР°РЅРёСЏ, 500]" classname="BunTest" time="0.001"/>
  <testcase name="veryLongNameTest[РўРµСЃС‚ РґР°РЅРЅС‹Рµ: , 250]" classname="BunTest" time="0.0"/>
  <testcase name="getNameParamTest[РўРµСЃС‚ РґР°РЅРЅС‹Рµ: , 250]" classname="BunTest" time="0.0"/>
  <testcase name="getPriceParamTest[РўРµСЃС‚ РґР°РЅРЅС‹Рµ: , 250]" classname="BunTest" time="0.0"/>
</testsuite>